<?xml version="1.0" encoding="UTF-8"?>
<!-- Generated by org.testng.reporters.JUnitReportReporter -->
<testsuite hostname="DESKTOP-6JOMMLI" failures="0" tests="3" name="com.ecommerce.miraggio.plpTest" time="12.364" errors="0" timestamp="2025-03-22T16:34:15 IST" skipped="0">
  <testcase classname="com.ecommerce.miraggio.plpTest" name="featuredCollection" time="4.163"/>
  <testcase classname="com.ecommerce.miraggio.plpTest" name="sort" time="1.677"/>
  <testcase classname="com.ecommerce.miraggio.plpTest" name="filter" time="6.524"/>
</testsuite> <!-- com.ecommerce.miraggio.plpTest -->
