<?xml version="1.0" encoding="UTF-8"?>
<!-- Generated by org.testng.reporters.JUnitReportReporter -->
<testsuite hostname="DESKTOP-6JOMMLI" failures="0" tests="6" name="com.ecommerce.miraggio.cartTest" time="25.095" errors="0" timestamp="2025-03-22T16:35:21 IST" skipped="0">
  <testcase classname="com.ecommerce.miraggio.cartTest" name="shopByCatogory" time="3.977"/>
  <testcase classname="com.ecommerce.miraggio.cartTest" name="plp" time="4.663"/>
  <testcase classname="com.ecommerce.miraggio.cartTest" name="addToCart" time="1.298"/>
  <testcase classname="com.ecommerce.miraggio.cartTest" name="quantitySelector" time="5.466"/>
  <testcase classname="com.ecommerce.miraggio.cartTest" name="continueShopping" time="3.971"/>
  <testcase classname="com.ecommerce.miraggio.cartTest" name="coupoTextFiedl" time="5.720"/>
</testsuite> <!-- com.ecommerce.miraggio.cartTest -->
