<?xml version="1.0" encoding="UTF-8"?>
<!-- Generated by org.testng.reporters.JUnitReportReporter -->
<testsuite hostname="DESKTOP-6JOMMLI" failures="0" tests="16" name="com.ecommerce.miraggio.homepageTest" time="40.463" errors="0" timestamp="2025-03-22T16:33:48 IST" skipped="0">
  <testcase classname="com.ecommerce.miraggio.homepageTest" name="logo" time="1.950"/>
  <testcase classname="com.ecommerce.miraggio.homepageTest" name="newarrivals" time="1.450"/>
  <testcase classname="com.ecommerce.miraggio.homepageTest" name="shopByCatogory" time="3.498"/>
  <testcase classname="com.ecommerce.miraggio.homepageTest" name="serachIcon" time="1.493"/>
  <testcase classname="com.ecommerce.miraggio.homepageTest" name="accountIcon" time="2.757"/>
  <testcase classname="com.ecommerce.miraggio.homepageTest" name="wishlistIcon" time="1.889"/>
  <testcase classname="com.ecommerce.miraggio.homepageTest" name="cartIcon" time="1.460"/>
  <testcase classname="com.ecommerce.miraggio.homepageTest" name="heroBanner" time="3.148"/>
  <testcase classname="com.ecommerce.miraggio.homepageTest" name="productcard" time="5.402"/>
  <testcase classname="com.ecommerce.miraggio.homepageTest" name="shopByStyle" time="5.287"/>
  <testcase classname="com.ecommerce.miraggio.homepageTest" name="chooseYourStyle" time="2.249"/>
  <testcase classname="com.ecommerce.miraggio.homepageTest" name="shopFooter" time="1.984"/>
  <testcase classname="com.ecommerce.miraggio.homepageTest" name="customerCare" time="2.264"/>
  <testcase classname="com.ecommerce.miraggio.homepageTest" name="knowUs" time="2.335"/>
  <testcase classname="com.ecommerce.miraggio.homepageTest" name="newsLetter" time="0.801"/>
  <testcase classname="com.ecommerce.miraggio.homepageTest" name="social" time="2.496"/>
</testsuite> <!-- com.ecommerce.miraggio.homepageTest -->
