<?xml version="1.0" encoding="UTF-8"?>
<!-- Generated by org.testng.reporters.JUnitReportReporter -->
<testsuite hostname="DESKTOP-6JOMMLI" failures="0" tests="6" name="com.ecommerce.miraggio.pdpTest" time="12.972" errors="0" timestamp="2025-03-25T12:34:22 IST" skipped="1">
  <testcase classname="com.ecommerce.miraggio.pdpTest" name="shopByCatogory" time="4.568"/>
  <testcase classname="com.ecommerce.miraggio.pdpTest" name="plp" time="5.055"/>
  <testcase classname="com.ecommerce.miraggio.pdpTest" name="addToCart" time="1.498"/>
  <testcase classname="com.ecommerce.miraggio.pdpTest" name="description" time="1.532"/>
  <testcase classname="com.ecommerce.miraggio.pdpTest" name="bestsellers" time="0.319"/>
  <testcase classname="com.ecommerce.miraggio.pdpTest" name="variant">
    <skipped/>
  </testcase> <!-- variant -->
</testsuite> <!-- com.ecommerce.miraggio.pdpTest -->
