<?xml version="1.0" encoding="UTF-8"?>
<!-- Generated by org.testng.reporters.JUnitReportReporter -->
<testsuite hostname="DESKTOP-6JOMMLI" failures="0" tests="3" name="com.ecommerce.miraggio.pdpPractice" time="11.952" errors="0" timestamp="2025-03-25T13:16:48 IST" skipped="0">
  <testcase classname="com.ecommerce.miraggio.pdpPractice" name="shopByCatogory" time="3.062"/>
  <testcase classname="com.ecommerce.miraggio.pdpPractice" name="plp" time="4.625"/>
  <testcase classname="com.ecommerce.miraggio.pdpPractice" name="variant" time="4.265"/>
</testsuite> <!-- com.ecommerce.miraggio.pdpPractice -->
